<?xml version="1.0" encoding="UTF-8"?>
<!-- Generated by org.testng.reporters.JUnitReportReporter -->
<testsuite hostname="Nani-PC" failures="0" tests="5" name="com.accelerator.runners.MyTestRunner" time="245.295" errors="0" timestamp="2021-06-23T11:41:39 IST" skipped="0">
  <testcase classname="com.accelerator.runners.MyTestRunner" name="runScenario" time="68.873"/>
  <system-out/>
  <testcase classname="com.accelerator.runners.MyTestRunner" name="runScenario" time="31.448"/>
  <system-out/>
  <testcase classname="com.accelerator.runners.MyTestRunner" name="runScenario" time="49.200"/>
  <system-out/>
  <testcase classname="com.accelerator.runners.MyTestRunner" name="runScenario" time="30.612"/>
  <system-out/>
  <testcase classname="com.accelerator.runners.MyTestRunner" name="runScenario" time="65.162"/>
  <system-out/>
</testsuite> <!-- com.accelerator.runners.MyTestRunner -->
