<?xml version="1.0" encoding="UTF-8"?>
<!-- Generated by org.testng.reporters.JUnitReportReporter -->
<testsuite hostname="Nani-PC" failures="0" tests="5" name="com.accelerator.runners.MyTestRunner" time="56.990" errors="0" timestamp="2021-06-21T11:19:57 IST" skipped="0">
  <testcase classname="com.accelerator.runners.MyTestRunner" name="runScenario" time="17.052"/>
  <system-out/>
  <testcase classname="com.accelerator.runners.MyTestRunner" name="runScenario" time="8.220"/>
  <system-out/>
  <testcase classname="com.accelerator.runners.MyTestRunner" name="runScenario" time="8.772"/>
  <system-out/>
  <testcase classname="com.accelerator.runners.MyTestRunner" name="runScenario" time="10.607"/>
  <system-out/>
  <testcase classname="com.accelerator.runners.MyTestRunner" name="runScenario" time="12.339"/>
  <system-out/>
</testsuite> <!-- com.accelerator.runners.MyTestRunner -->
